Unity Editor version:    2020.3.17f1c1 (1f35b2393d76)
Branch:                  2020.3/china_unity/release
Build type:              Release
Batch mode:              YES
macOS version:           Version 11.5.2 (Build 20G95)
Darwin version:          20.6.0
Architecture:            x86_64
Running under Rosetta:   YES
Available memory:        8192 MB
Using pre-set license
Pro License: NO

COMMAND LINE ARGUMENTS:
/Applications/Unity/Hub/Editor/2020.3.17f1c1/Unity.app/Contents/MacOS/Unity
-adb2
-batchMode
-noUpm
-name
AssetImportWorker0
-projectPath
/Users/damao/UnityProject/MyWeather
-logFile
Logs/AssetImportWorker0.log
-srvPort
50563
Successfully changed project path to: /Users/damao/UnityProject/MyWeather
/Users/damao/UnityProject/MyWeather
Using Asset Import Pipeline V2.
AS: AutoStreaming module initializing.Refreshing native plugins compatible for Editor in 27.83 ms, found 2 plugins.
Preloading 0 native plugins for Editor in 0.00 ms.
Initialize engine version: 2020.3.17f1c1 (1f35b2393d76)
[Subsystems] Discovering subsystems at path /Applications/Unity/Hub/Editor/2020.3.17f1c1/Unity.app/Contents/Resources/UnitySubsystems
[Subsystems] Discovering subsystems at path /Users/damao/UnityProject/MyWeather/Assets
GfxDevice: creating device client; threaded=0
2021-09-26 15:49:58.081 Unity[3891:42852] (null) preferred device: Apple M1 (high power)
2021-09-26 15:49:58.081 Unity[3891:42852] Metal devices available: 1
2021-09-26 15:49:58.081 Unity[3891:42852] 0: Apple M1 (high power)
2021-09-26 15:49:58.081 Unity[3891:42852] Using device Apple M1 (high power)
Initializing Metal device caps: Apple M1
Initialize mono
Mono path[0] = '/Applications/Unity/Hub/Editor/2020.3.17f1c1/Unity.app/Contents/Managed'
Mono path[1] = '/Applications/Unity/Hub/Editor/2020.3.17f1c1/Unity.app/Contents/MonoBleedingEdge/lib/mono/unityjit'
Mono config path = '/Applications/Unity/Hub/Editor/2020.3.17f1c1/Unity.app/Contents/MonoBleedingEdge/etc'
Using monoOptions --debugger-agent=transport=dt_socket,embedding=1,server=y,suspend=n,address=127.0.0.1:56891
Begin MonoManager ReloadAssembly
Registering precompiled unity dll's ...
Register platform support module: /Applications/Unity/Hub/Editor/2020.3.17f1c1/Unity.app/Contents/PlaybackEngines/MacStandaloneSupport/UnityEditor.OSXStandalone.Extensions.dll
Registered in 0.002035 seconds.
Native extension for OSXStandalone target not found
Refreshing native plugins compatible for Editor in 27.23 ms, found 2 plugins.
Preloading 0 native plugins for Editor in 0.00 ms.
Mono: successfully reloaded assembly
- Completed reload, in  2.098 seconds
Domain Reload Profiling:
	ReloadAssembly (2098ms)
		BeginReloadAssembly (89ms)
			ExecutionOrderSort (0ms)
			DisableScriptedObjects (0ms)
			BackupInstance (0ms)
			ReleaseScriptingObjects (0ms)
			CreateAndSetChildDomain (3ms)
		EndReloadAssembly (901ms)
			LoadAssemblies (87ms)
			RebuildTransferFunctionScriptingTraits (0ms)
			SetupTypeCache (180ms)
			ReleaseScriptCaches (0ms)
			RebuildScriptCaches (44ms)
			SetupLoadedEditorAssemblies (523ms)
				LogAssemblyErrors (0ms)
				InitializePlatformSupportModulesInManaged (10ms)
				SetLoadedEditorAssemblies (1ms)
				RefreshPlugins (27ms)
				BeforeProcessingInitializeOnLoad (72ms)
				ProcessInitializeOnLoadAttributes (311ms)
				ProcessInitializeOnLoadMethodAttributes (102ms)
				AfterProcessingInitializeOnLoad (0ms)
				EditorAssembliesLoaded (1ms)
			ExecutionOrderSort2 (0ms)
			AwakeInstancesAfterBackupRestoration (0ms)
Platform modules already initialized, skipping
Registering precompiled user dll's ...
Registered in 0.003142 seconds.
Begin MonoManager ReloadAssembly
Native extension for OSXStandalone target not found
Refreshing native plugins compatible for Editor in 0.29 ms, found 2 plugins.
Preloading 0 native plugins for Editor in 0.00 ms.
Mono: successfully reloaded assembly
- Completed reload, in  2.403 seconds
Domain Reload Profiling:
	ReloadAssembly (2406ms)
		BeginReloadAssembly (265ms)
			ExecutionOrderSort (0ms)
			DisableScriptedObjects (31ms)
			BackupInstance (0ms)
			ReleaseScriptingObjects (0ms)
			CreateAndSetChildDomain (40ms)
		EndReloadAssembly (2046ms)
			LoadAssemblies (196ms)
			RebuildTransferFunctionScriptingTraits (0ms)
			SetupTypeCache (313ms)
			ReleaseScriptCaches (1ms)
			RebuildScriptCaches (53ms)
			SetupLoadedEditorAssemblies (1235ms)
				LogAssemblyErrors (0ms)
				InitializePlatformSupportModulesInManaged (14ms)
				SetLoadedEditorAssemblies (1ms)
				RefreshPlugins (0ms)
				BeforeProcessingInitializeOnLoad (200ms)
				ProcessInitializeOnLoadAttributes (1002ms)
				ProcessInitializeOnLoadMethodAttributes (16ms)
				AfterProcessingInitializeOnLoad (1ms)
				EditorAssembliesLoaded (0ms)
			ExecutionOrderSort2 (0ms)
			AwakeInstancesAfterBackupRestoration (32ms)
Platform modules already initialized, skipping
Validating Project structure ... 0.000955 seconds.

LICENSE SYSTEM [2021926 15:50:3] Next license update check is after 2021-09-27T06:44:26

Shader import version has changed; will reimport all shaders...
Upgrading shader files ...0.001133 seconds.
Application.AssetDatabase Initial Script Refresh Start
RefreshInfo: InitialScriptRefreshV2(NoUpdateAssetOptions) scanfilter:  ... 1 filters
RefreshProfiler: Total: 0.000ms
Application.AssetDatabase Initial Script Refresh End
Application.AssetDatabase.Refresh Start
Application.AssetDatabase.Refresh End
RefreshInfo: StopAssetImportingV2(ForceSynchronousImport) scanfilter: 
RefreshProfiler: Total: 0.000ms
Launching external process: /Applications/Unity/Hub/Editor/2020.3.17f1c1/Unity.app/Contents/Tools/UnityShaderCompiler
Launched and connected shader compiler UnityShaderCompiler after 0.02 seconds
Initializing Unity extensions:
========================================================================
Worker process is ready to serve import requests
Refreshing native plugins compatible for Editor in 0.16 ms, found 2 plugins.
Preloading 0 native plugins for Editor in 0.00 ms.
Unloading 1415 Unused Serialized files (Serialized files now loaded: 0)
System memory in use before: 159.7 MB.
System memory in use after: 158.9 MB.

Unloading 91 unused Assets to reduce memory usage. Loaded Objects now: 1888.
Total: 4.129083 ms (FindLiveObjects: 0.091916 ms CreateObjectMapping: 0.028084 ms MarkObjects: 3.561958 ms  DeleteObjects: 0.446209 ms)

AssetImportParameters requested are different than current active one (requested -> active):
  custom:video-decoder-ogg-theora: a1e56fd34408186e4bbccfd4996cb3dc -> 
  custom:container-muxer-webm: aa71ff27fc2769a1b78a27578f13a17b -> 
  custom:container-demuxer-webm: 4f35f7cbe854078d1ac9338744f61a02 -> 
  custom:container-demuxer-ogg: 62fdf1f143b41e24485cea50d1cbac27 -> 
  custom:video-encoder-webm-vp8: eb34c28f22e8b96e1ab97ce403110664 -> 
  custom:framework-osx-AVFoundation: e770b220cccbd017edd2c1fefb359320 -> 
  custom:video-decoder-webm-vp8: 9c59270c3fd7afecdb556c50c9e8de78 -> 
  custom:audio-decoder-ogg-vorbis: bf7c407c2cedff20999df2af8eb42d56 -> 
  custom:audio-encoder-webm-vorbis: bf7c407c2cedff20999df2af8eb42d56 -> 
========================================================================
Received Import Request.
  path: Assets/Anim
  artifactKey: Guid(fd4193910b983174587f077c72b31674) Importer(815301076,1909f56bfc062723c751e8b465ee728b)
Start importing Assets/Anim using Guid(fd4193910b983174587f077c72b31674) Importer(815301076,1909f56bfc062723c751e8b465ee728b)  -> (artifact id: 'f88397796aa6a866ed1362cad61ee39d') in 0.005034 seconds 
  Import took 0.006740 seconds .

========================================================================
Received Import Request.
  Time since last request: 1.230439 seconds.
  path: Assets/Resources/CityCodeXML.xml
  artifactKey: Guid(53f19f841af0599418d6d25f3ed12787) Importer(815301076,1909f56bfc062723c751e8b465ee728b)
Start importing Assets/Resources/CityCodeXML.xml using Guid(53f19f841af0599418d6d25f3ed12787) Importer(815301076,1909f56bfc062723c751e8b465ee728b)  -> (artifact id: '43af29f389db76a23b98c9a32e00a085') in 0.821011 seconds 
  Import took 0.823295 seconds .

========================================================================
Received Import Request.
  Time since last request: 0.195369 seconds.
  path: Assets/Resources/CityCodeJson.json
  artifactKey: Guid(e0172ac72dc03fe4dbb1fc27be26b990) Importer(815301076,1909f56bfc062723c751e8b465ee728b)
Start importing Assets/Resources/CityCodeJson.json using Guid(e0172ac72dc03fe4dbb1fc27be26b990) Importer(815301076,1909f56bfc062723c751e8b465ee728b)  -> (artifact id: '4160bb1a8bc977ff91e7291f6594ad8c') in 0.721523 seconds 
  Import took 0.723775 seconds .

========================================================================
Received Import Request.
  Time since last request: 7.781327 seconds.
  path: Assets/Resources/Font/华文行楷_爱给网_aigei_com.ttf
  artifactKey: Guid(9ee3c6d69b33f5b42be02b4b67a7be27) Importer(815301076,1909f56bfc062723c751e8b465ee728b)
Start importing Assets/Resources/Font/华文行楷_爱给网_aigei_com.ttf using Guid(9ee3c6d69b33f5b42be02b4b67a7be27) Importer(815301076,1909f56bfc062723c751e8b465ee728b)  -> (artifact id: '2929bb2dc6ff8786a4b8cd3ca3bb1e08') in 1.031838 seconds 
  Import took 1.033795 seconds .

========================================================================
Received Import Request.
  Time since last request: 4.331181 seconds.
  path: Assets/Resources/Font/华文行楷.ttf
  artifactKey: Guid(9ee3c6d69b33f5b42be02b4b67a7be27) Importer(815301076,1909f56bfc062723c751e8b465ee728b)
Start importing Assets/Resources/Font/华文行楷.ttf using Guid(9ee3c6d69b33f5b42be02b4b67a7be27) Importer(815301076,1909f56bfc062723c751e8b465ee728b)  -> (artifact id: 'd5ed3c081dfe02bdbaa5631586f08889') in 0.017191 seconds 
  Import took 0.019195 seconds .

========================================================================
Received Import Request.
  Time since last request: 2.448669 seconds.
  path: Assets/Resources/Prefab/UI
  artifactKey: Guid(23f9c0de8fb198b4496c558d6febc01b) Importer(815301076,1909f56bfc062723c751e8b465ee728b)
Start importing Assets/Resources/Prefab/UI using Guid(23f9c0de8fb198b4496c558d6febc01b) Importer(815301076,1909f56bfc062723c751e8b465ee728b)  -> (artifact id: 'd2cf23dac78123559e94e6d92b8f9432') in 0.001000 seconds 
  Import took 0.003927 seconds .

========================================================================
Received Import Request.
  Time since last request: 8.061245 seconds.
  path: Assets/Scenes/MainScene.unity
  artifactKey: Guid(9fc0d4010bbf28b4594072e72b8655ab) Importer(815301076,1909f56bfc062723c751e8b465ee728b)
Start importing Assets/Scenes/MainScene.unity using Guid(9fc0d4010bbf28b4594072e72b8655ab) Importer(815301076,1909f56bfc062723c751e8b465ee728b)  -> (artifact id: 'a3402c4fa176f86fe723d8826f61520e') in 0.001794 seconds 
  Import took 0.005273 seconds .

========================================================================
Received Import Request.
  Time since last request: 0.860163 seconds.
  path: Assets/Scenes/SampleScene.unity
  artifactKey: Guid(1a16d39bbed7c31448bf46abc2b0fb96) Importer(815301076,1909f56bfc062723c751e8b465ee728b)
Start importing Assets/Scenes/SampleScene.unity using Guid(1a16d39bbed7c31448bf46abc2b0fb96) Importer(815301076,1909f56bfc062723c751e8b465ee728b)  -> (artifact id: '5d585a8f76f9082e3f188728f6ea3283') in 0.001798 seconds 
  Import took 0.004935 seconds .

